<?xml version="1.0" encoding="UTF-8"?>
<testsuite name="com.mongodb.codingchallenge.JSONUtilsTest" tests="10" skipped="0" failures="0" errors="0" timestamp="2022-05-25T06:52:49" hostname="RamgopaellasMBP" time="0.244">
  <properties/>
  <testcase name="testInvalidJSON()" classname="com.mongodb.codingchallenge.JSONUtilsTest" time="0.122"/>
  <testcase name="testNullJSON()" classname="com.mongodb.codingchallenge.JSONUtilsTest" time="0.002"/>
  <testcase name="testEmptyJSON()" classname="com.mongodb.codingchallenge.JSONUtilsTest" time="0.006"/>
  <testcase name="#1 - Test Valid JSON" classname="com.mongodb.codingchallenge.JSONUtilsTest" time="0.045"/>
  <testcase name="#2 - Test Valid JSON" classname="com.mongodb.codingchallenge.JSONUtilsTest" time="0.002"/>
  <testcase name="#3 - Test Valid JSON" classname="com.mongodb.codingchallenge.JSONUtilsTest" time="0.002"/>
  <testcase name="#4 - Test Valid JSON" classname="com.mongodb.codingchallenge.JSONUtilsTest" time="0.002"/>
  <testcase name="#5 - Test Valid JSON" classname="com.mongodb.codingchallenge.JSONUtilsTest" time="0.002"/>
  <testcase name="#6 - Test Valid JSON" classname="com.mongodb.codingchallenge.JSONUtilsTest" time="0.002"/>
  <testcase name="#7 - Test Valid JSON" classname="com.mongodb.codingchallenge.JSONUtilsTest" time="0.002"/>
  <system-out><![CDATA[]]></system-out>
  <system-err><![CDATA[]]></system-err>
</testsuite>
